p cnf 729 729
1 142 0
2 -141 0
3 -143 0
4 -144 0
5 -145 0
6 -146 0
7 -147 0
8 -148 0
9 -149 0
10 -152 0
11 -162 0
12 -242 0
13 -252 0
14 -262 0
15 -342 0
16 -352 0
17 -362 0
18 -112 0
19 -122 0
20 -132 0
21 -172 0
22 -182 0
23 -192 0
24 -442 0
25 -542 0
26 -642 0
27 -742 0
28 -842 0
29 -942 0
30 163 0
31 -161 0
32 -164 0
33 -165 0
34 -166 0
35 -167 0
36 -168 0
37 -169 0
38 -153 0
39 -243 0
40 -253 0
41 -263 0
42 -343 0
43 -353 0
44 -363 0
45 -113 0
46 -123 0
47 -133 0
48 -173 0
49 -183 0
50 -193 0
51 -463 0
52 -563 0
53 -663 0
54 -763 0
55 -863 0
56 -963 0
57 184 0
58 -181 0
59 -185 0
60 -186 0
61 -187 0
62 -188 0
63 -189 0
64 -174 0
65 -194 0
66 -274 0
67 -284 0
68 -294 0
69 -374 0
70 -384 0
71 -394 0
72 -114 0
73 -124 0
74 -134 0
75 -154 0
76 -484 0
77 -584 0
78 -684 0
79 -784 0
80 -884 0
81 -984 0
82 225 0
83 -221 0
84 -222 0
85 -223 0
86 -224 0
87 -226 0
88 -227 0
89 -228 0
90 -229 0
91 -115 0
92 -125 0
93 -135 0
94 -215 0
95 -235 0
96 -315 0
97 -325 0
98 -335 0
99 -245 0
100 -255 0
101 -265 0
102 -275 0
103 -285 0
104 -295 0
105 -425 0
106 -525 0
107 -625 0
108 -725 0
109 -825 0
110 -925 0
111 246 0
112 -241 0
113 -244 0
114 -247 0
115 -248 0
116 -249 0
117 -156 0
118 -256 0
119 -266 0
120 -346 0
121 -356 0
122 -366 0
123 -216 0
124 -236 0
125 -276 0
126 -286 0
127 -296 0
128 -446 0
129 -546 0
130 -646 0
131 -746 0
132 -846 0
133 -946 0
134 287 0
135 -281 0
136 -282 0
137 -283 0
138 -288 0
139 -289 0
140 -177 0
141 -197 0
142 -277 0
143 -297 0
144 -377 0
145 -387 0
146 -397 0
147 -217 0
148 -237 0
149 -257 0
150 -267 0
151 -487 0
152 -587 0
153 -687 0
154 -787 0
155 -887 0
156 -987 0
157 338 0
158 -331 0
159 -332 0
160 -333 0
161 -334 0
162 -336 0
163 -337 0
164 -339 0
165 -118 0
166 -128 0
167 -138 0
168 -218 0
169 -238 0
170 -318 0
171 -328 0
172 -348 0
173 -358 0
174 -368 0
175 -378 0
176 -388 0
177 -398 0
178 -438 0
179 -538 0
180 -638 0
181 -738 0
182 -838 0
183 -938 0
184 349 0
185 -341 0
186 -344 0
187 -345 0
188 -347 0
189 -159 0
190 -259 0
191 -269 0
192 -359 0
193 -369 0
194 -319 0
195 -329 0
196 -379 0
197 -389 0
198 -399 0
199 -449 0
200 -549 0
201 -649 0
202 -749 0
203 -849 0
204 -949 0
205 383 0
206 -381 0
207 -382 0
208 -385 0
209 -386 0
210 -273 0
211 -293 0
212 -373 0
213 -393 0
214 -313 0
215 -323 0
216 -483 0
217 -583 0
218 -683 0
219 -783 0
220 -883 0
221 -983 0
222 395 0
223 -391 0
224 -392 0
225 -396 0
226 -175 0
227 -195 0
228 -375 0
229 155 0
230 -151 0
231 -157 0
232 -158 0
233 -355 0
234 -365 0
235 -455 0
236 -555 0
237 -655 0
238 -755 0
239 -855 0
240 -955 0
241 -495 0
242 -595 0
243 -695 0
244 -795 0
245 -895 0
246 -995 0
247 575 0
248 -571 0
249 -572 0
250 -573 0
251 -574 0
252 -576 0
253 -577 0
254 -578 0
255 -579 0
256 -475 0
257 -485 0
258 -585 0
259 -675 0
260 -685 0
261 -515 0
262 -535 0
263 -545 0
264 -565 0
265 -775 0
266 -875 0
267 -975 0
268 586 0
269 -581 0
270 -582 0
271 -588 0
272 -589 0
273 -476 0
274 -486 0
275 -496 0
276 -596 0
277 -676 0
278 -686 0
279 -696 0
280 -516 0
281 -526 0
282 -536 0
283 -556 0
284 -566 0
285 -786 0
286 -886 0
287 -986 0
288 599 0
289 -591 0
290 -592 0
291 -593 0
292 -594 0
293 -597 0
294 -598 0
295 -479 0
296 -489 0
297 -499 0
298 -679 0
299 -689 0
300 -699 0
301 -519 0
302 -529 0
303 -539 0
304 -559 0
305 -569 0
306 -199 0
307 -299 0
308 -799 0
309 -899 0
310 -999 0
311 636 0
312 -631 0
313 -632 0
314 -633 0
315 -634 0
316 -635 0
317 -637 0
318 -639 0
319 -416 0
320 -426 0
321 -436 0
322 -616 0
323 -626 0
324 -656 0
325 -666 0
326 -136 0
327 -736 0
328 -836 0
329 -936 0
330 641 0
331 -643 0
332 -644 0
333 -645 0
334 -647 0
335 -648 0
336 -441 0
337 -451 0
338 -461 0
339 -541 0
340 -551 0
341 -561 0
342 -651 0
343 -661 0
344 -611 0
345 -621 0
346 -671 0
347 -681 0
348 -691 0
349 -741 0
350 -841 0
351 -941 0
352 697 0
353 -692 0
354 -693 0
355 -694 0
356 -698 0
357 -477 0
358 -497 0
359 -677 0
360 -617 0
361 -627 0
362 -657 0
363 -667 0
364 -797 0
365 -897 0
366 -997 0
367 766 0
368 -761 0
369 -762 0
370 -764 0
371 -765 0
372 -767 0
373 -768 0
374 -769 0
375 -756 0
376 -856 0
377 -866 0
378 -956 0
379 -966 0
380 -716 0
381 -726 0
382 -776 0
383 -796 0
384 456 0
385 -452 0
386 -453 0
387 -454 0
388 -457 0
389 -458 0
390 -459 0
391 -466 0
392 829 0
393 -821 0
394 -822 0
395 -823 0
396 -824 0
397 -826 0
398 -827 0
399 -828 0
400 -719 0
401 -729 0
402 -739 0
403 -819 0
404 -839 0
405 -919 0
406 -929 0
407 -939 0
408 -859 0
409 -869 0
410 -879 0
411 -889 0
412 -129 0
413 -429 0
414 -629 0
415 833 0
416 -831 0
417 -832 0
418 -834 0
419 -835 0
420 -837 0
421 -713 0
422 -723 0
423 -733 0
424 -813 0
425 -913 0
426 -923 0
427 -933 0
428 -843 0
429 -853 0
430 -873 0
431 -893 0
432 -233 0
433 213 0
434 -211 0
435 -212 0
436 -214 0
437 -219 0
438 -413 0
439 -513 0
440 -613 0
441 -433 0
442 -533 0
443 878 0
444 -871 0
445 -872 0
446 -874 0
447 -876 0
448 -877 0
449 -778 0
450 -788 0
451 -798 0
452 -888 0
453 -898 0
454 -978 0
455 -988 0
456 -998 0
457 -818 0
458 -848 0
459 -858 0
460 -868 0
461 -178 0
462 198 0
463 -191 0
464 -196 0
465 -278 0
466 -298 0
467 -478 0
468 -678 0
469 -498 0
470 928 0
471 -921 0
472 -922 0
473 -924 0
474 -926 0
475 -927 0
476 -718 0
477 -728 0
478 -918 0
479 -948 0
480 -958 0
481 -968 0
482 -428 0
483 -528 0
484 -628 0
485 947 0
486 -943 0
487 -944 0
488 -945 0
489 -747 0
490 -757 0
491 -847 0
492 -857 0
493 -867 0
494 -957 0
495 -967 0
496 817 0
497 -811 0
498 -812 0
499 -814 0
500 -815 0
501 -816 0
502 916 0
503 -911 0
504 -912 0
505 -914 0
506 -915 0
507 -917 0
508 -717 0
509 -727 0
510 -737 0
511 -937 0
512 777 0
513 -771 0
514 -772 0
515 -773 0
516 -774 0
517 -779 0
518 -977 0
519 896 0
520 -891 0
521 -892 0
522 -894 0
523 -976 0
524 -996 0
525 -116 0
526 -316 0
527 -117 0
528 -317 0
529 -417 0
530 -517 0
531 -447 0
532 -547 0
533 953 0
534 -951 0
535 -952 0
536 -954 0
537 -959 0
538 -743 0
539 -753 0
540 793 0
541 -791 0
542 -792 0
543 -794 0
544 -973 0
545 -993 0
546 -553 0
547 -653 0
548 -493 0
549 985 0
550 -981 0
551 -982 0
552 -989 0
553 -785 0
554 -885 0
555 -935 0
556 -965 0
557 789 0
558 -781 0
559 -782 0
560 -979 0
561 -759 0
562 969 0
563 -961 0
564 -962 0
565 -964 0
566 659 0
567 -652 0
568 -654 0
569 -658 0
570 -469 0
571 -669 0
572 -619 0
573 992 0
574 -991 0
575 -994 0
576 -882 0
577 881 0
578 -971 0
579 -972 0
580 974 0
581 -851 0
582 -861 0
583 751 0
584 -752 0
585 -754 0
586 -758 0
587 748 0
588 -744 0
589 -745 0
590 -711 0
591 -721 0
592 -731 0
593 931 0
594 -932 0
595 -934 0
596 -131 0
597 -231 0
598 -431 0
599 -531 0
600 -448 0
601 -548 0
602 -251 0
603 -351 0
604 -474 0
605 -674 0
606 494 0
607 -491 0
608 -492 0
609 -414 0
610 -424 0
611 -434 0
612 -444 0
613 -464 0
614 -481 0
615 471 0
616 -472 0
617 -473 0
618 673 0
619 -672 0
620 -411 0
621 -421 0
622 -623 0
623 -171 0
624 -271 0
625 -371 0
626 291 0
627 -292 0
628 -261 0
629 361 0
630 -364 0
631 -367 0
632 357 0
633 -354 0
634 -311 0
635 -321 0
636 -327 0
637 -557 0
638 -126 0
639 326 0
640 -322 0
641 -324 0
642 176 0
643 -179 0
644 -376 0
645 372 0
646 -272 0
647 279 0
648 232 0
649 -234 0
650 -239 0
651 -312 0
652 314 0
653 -514 0
654 -614 0
655 -714 0
656 -432 0
657 -532 0
658 -732 0
659 -544 0
660 543 0
661 -443 0
662 445 0
663 -465 0
664 -665 0
665 423 0
666 -422 0
667 -427 0
668 -523 0
669 -415 0
670 -435 0
671 615 0
672 -612 0
673 -618 0
674 -715 0
675 712 0
676 -722 0
677 724 0
678 -734 0
679 735 0
680 -412 0
681 -512 0
682 -524 0
683 -624 0
684 622 0
685 -522 0
686 534 0
687 -537 0
688 -554 0
689 -564 0
690 664 0
691 -662 0
692 -668 0
693 -682 0
694 688 0
695 482 0
696 -488 0
697 -462 0
698 844 0
699 -845 0
700 -854 0
701 852 0
702 -862 0
703 -864 0
704 865 0
705 -552 0
706 558 0
707 562 0
708 -567 0
709 -568 0
710 467 0
711 -468 0
712 -437 0
713 439 0
714 527 0
715 -521 0
716 511 0
717 -518 0
718 418 0
719 -419 0
720 -111 0
721 119 0
722 121 0
723 -127 0
724 137 0
725 -139 0
726 254 0
727 -258 0
728 -264 0
729 268 0
